2021-09-07 10:51:25 - Initiating data processing...
2021-09-07 10:51:25 - Created engine...
2021-09-07 10:51:25 - nyc.2020-01.csv
2021-09-07 10:51:25 - ********* Data Load for nyc.2020-01.csv Started *********
2021-09-07 10:51:25 - Index(['VendorID', 'tpep_pickup_datetime', 'tpep_dropoff_datetime',
       'passenger_count', 'trip_distance', 'RatecodeID', 'store_and_fwd_flag',
       'PULocationID', 'DOLocationID', 'payment_type', 'fare_amount', 'extra',
       'mta_tax', 'tip_amount', 'tolls_amount', 'improvement_surcharge',
       'total_amount', 'congestion_surcharge'],
      dtype='object')
2021-09-07 10:51:37 - Index(['VendorID', 'tpep_pickup_datetime', 'tpep_dropoff_datetime',
       'passenger_count', 'trip_distance', 'RatecodeID', 'store_and_fwd_flag',
       'PULocationID', 'DOLocationID', 'payment_type', 'fare_amount', 'extra',
       'mta_tax', 'tip_amount', 'tolls_amount', 'improvement_surcharge',
       'total_amount', 'congestion_surcharge'],
      dtype='object')
2021-09-07 10:51:51 - Index(['VendorID', 'tpep_pickup_datetime', 'tpep_dropoff_datetime',
       'passenger_count', 'trip_distance', 'RatecodeID', 'store_and_fwd_flag',
       'PULocationID', 'DOLocationID', 'payment_type', 'fare_amount', 'extra',
       'mta_tax', 'tip_amount', 'tolls_amount', 'improvement_surcharge',
       'total_amount', 'congestion_surcharge'],
      dtype='object')
2021-09-07 10:52:05 - Index(['VendorID', 'tpep_pickup_datetime', 'tpep_dropoff_datetime',
       'passenger_count', 'trip_distance', 'RatecodeID', 'store_and_fwd_flag',
       'PULocationID', 'DOLocationID', 'payment_type', 'fare_amount', 'extra',
       'mta_tax', 'tip_amount', 'tolls_amount', 'improvement_surcharge',
       'total_amount', 'congestion_surcharge'],
      dtype='object')
2021-09-07 10:52:19 - Index(['VendorID', 'tpep_pickup_datetime', 'tpep_dropoff_datetime',
       'passenger_count', 'trip_distance', 'RatecodeID', 'store_and_fwd_flag',
       'PULocationID', 'DOLocationID', 'payment_type', 'fare_amount', 'extra',
       'mta_tax', 'tip_amount', 'tolls_amount', 'improvement_surcharge',
       'total_amount', 'congestion_surcharge'],
      dtype='object')
2021-09-07 10:52:33 - Index(['VendorID', 'tpep_pickup_datetime', 'tpep_dropoff_datetime',
       'passenger_count', 'trip_distance', 'RatecodeID', 'store_and_fwd_flag',
       'PULocationID', 'DOLocationID', 'payment_type', 'fare_amount', 'extra',
       'mta_tax', 'tip_amount', 'tolls_amount', 'improvement_surcharge',
       'total_amount', 'congestion_surcharge'],
      dtype='object')
2021-09-07 10:52:47 - Index(['VendorID', 'tpep_pickup_datetime', 'tpep_dropoff_datetime',
       'passenger_count', 'trip_distance', 'RatecodeID', 'store_and_fwd_flag',
       'PULocationID', 'DOLocationID', 'payment_type', 'fare_amount', 'extra',
       'mta_tax', 'tip_amount', 'tolls_amount', 'improvement_surcharge',
       'total_amount', 'congestion_surcharge'],
      dtype='object')
2021-09-07 10:53:03 - Index(['VendorID', 'tpep_pickup_datetime', 'tpep_dropoff_datetime',
       'passenger_count', 'trip_distance', 'RatecodeID', 'store_and_fwd_flag',
       'PULocationID', 'DOLocationID', 'payment_type', 'fare_amount', 'extra',
       'mta_tax', 'tip_amount', 'tolls_amount', 'improvement_surcharge',
       'total_amount', 'congestion_surcharge'],
      dtype='object')
2021-09-07 10:53:19 - Index(['VendorID', 'tpep_pickup_datetime', 'tpep_dropoff_datetime',
       'passenger_count', 'trip_distance', 'RatecodeID', 'store_and_fwd_flag',
       'PULocationID', 'DOLocationID', 'payment_type', 'fare_amount', 'extra',
       'mta_tax', 'tip_amount', 'tolls_amount', 'improvement_surcharge',
       'total_amount', 'congestion_surcharge'],
      dtype='object')
2021-09-07 10:53:33 - Index(['VendorID', 'tpep_pickup_datetime', 'tpep_dropoff_datetime',
       'passenger_count', 'trip_distance', 'RatecodeID', 'store_and_fwd_flag',
       'PULocationID', 'DOLocationID', 'payment_type', 'fare_amount', 'extra',
       'mta_tax', 'tip_amount', 'tolls_amount', 'improvement_surcharge',
       'total_amount', 'congestion_surcharge'],
      dtype='object')
2021-09-07 10:53:46 - Index(['VendorID', 'tpep_pickup_datetime', 'tpep_dropoff_datetime',
       'passenger_count', 'trip_distance', 'RatecodeID', 'store_and_fwd_flag',
       'PULocationID', 'DOLocationID', 'payment_type', 'fare_amount', 'extra',
       'mta_tax', 'tip_amount', 'tolls_amount', 'improvement_surcharge',
       'total_amount', 'congestion_surcharge'],
      dtype='object')
2021-09-07 10:54:00 - Index(['VendorID', 'tpep_pickup_datetime', 'tpep_dropoff_datetime',
       'passenger_count', 'trip_distance', 'RatecodeID', 'store_and_fwd_flag',
       'PULocationID', 'DOLocationID', 'payment_type', 'fare_amount', 'extra',
       'mta_tax', 'tip_amount', 'tolls_amount', 'improvement_surcharge',
       'total_amount', 'congestion_surcharge'],
      dtype='object')
2021-09-07 10:54:14 - Index(['VendorID', 'tpep_pickup_datetime', 'tpep_dropoff_datetime',
       'passenger_count', 'trip_distance', 'RatecodeID', 'store_and_fwd_flag',
       'PULocationID', 'DOLocationID', 'payment_type', 'fare_amount', 'extra',
       'mta_tax', 'tip_amount', 'tolls_amount', 'improvement_surcharge',
       'total_amount', 'congestion_surcharge'],
      dtype='object')
2021-09-07 10:54:28 - Index(['VendorID', 'tpep_pickup_datetime', 'tpep_dropoff_datetime',
       'passenger_count', 'trip_distance', 'RatecodeID', 'store_and_fwd_flag',
       'PULocationID', 'DOLocationID', 'payment_type', 'fare_amount', 'extra',
       'mta_tax', 'tip_amount', 'tolls_amount', 'improvement_surcharge',
       'total_amount', 'congestion_surcharge'],
      dtype='object')
2021-09-07 10:54:41 - Index(['VendorID', 'tpep_pickup_datetime', 'tpep_dropoff_datetime',
       'passenger_count', 'trip_distance', 'RatecodeID', 'store_and_fwd_flag',
       'PULocationID', 'DOLocationID', 'payment_type', 'fare_amount', 'extra',
       'mta_tax', 'tip_amount', 'tolls_amount', 'improvement_surcharge',
       'total_amount', 'congestion_surcharge'],
      dtype='object')
2021-09-07 10:54:54 - Index(['VendorID', 'tpep_pickup_datetime', 'tpep_dropoff_datetime',
       'passenger_count', 'trip_distance', 'RatecodeID', 'store_and_fwd_flag',
       'PULocationID', 'DOLocationID', 'payment_type', 'fare_amount', 'extra',
       'mta_tax', 'tip_amount', 'tolls_amount', 'improvement_surcharge',
       'total_amount', 'congestion_surcharge'],
      dtype='object')
2021-09-07 10:55:09 - Index(['VendorID', 'tpep_pickup_datetime', 'tpep_dropoff_datetime',
       'passenger_count', 'trip_distance', 'RatecodeID', 'store_and_fwd_flag',
       'PULocationID', 'DOLocationID', 'payment_type', 'fare_amount', 'extra',
       'mta_tax', 'tip_amount', 'tolls_amount', 'improvement_surcharge',
       'total_amount', 'congestion_surcharge'],
      dtype='object')
2021-09-07 10:55:23 - Index(['VendorID', 'tpep_pickup_datetime', 'tpep_dropoff_datetime',
       'passenger_count', 'trip_distance', 'RatecodeID', 'store_and_fwd_flag',
       'PULocationID', 'DOLocationID', 'payment_type', 'fare_amount', 'extra',
       'mta_tax', 'tip_amount', 'tolls_amount', 'improvement_surcharge',
       'total_amount', 'congestion_surcharge'],
      dtype='object')
2021-09-07 10:55:36 - Index(['VendorID', 'tpep_pickup_datetime', 'tpep_dropoff_datetime',
       'passenger_count', 'trip_distance', 'RatecodeID', 'store_and_fwd_flag',
       'PULocationID', 'DOLocationID', 'payment_type', 'fare_amount', 'extra',
       'mta_tax', 'tip_amount', 'tolls_amount', 'improvement_surcharge',
       'total_amount', 'congestion_surcharge'],
      dtype='object')
2021-09-07 10:55:50 - Index(['VendorID', 'tpep_pickup_datetime', 'tpep_dropoff_datetime',
       'passenger_count', 'trip_distance', 'RatecodeID', 'store_and_fwd_flag',
       'PULocationID', 'DOLocationID', 'payment_type', 'fare_amount', 'extra',
       'mta_tax', 'tip_amount', 'tolls_amount', 'improvement_surcharge',
       'total_amount', 'congestion_surcharge'],
      dtype='object')
2021-09-07 10:56:04 - Index(['VendorID', 'tpep_pickup_datetime', 'tpep_dropoff_datetime',
       'passenger_count', 'trip_distance', 'RatecodeID', 'store_and_fwd_flag',
       'PULocationID', 'DOLocationID', 'payment_type', 'fare_amount', 'extra',
       'mta_tax', 'tip_amount', 'tolls_amount', 'improvement_surcharge',
       'total_amount', 'congestion_surcharge'],
      dtype='object')
2021-09-07 10:56:18 - Index(['VendorID', 'tpep_pickup_datetime', 'tpep_dropoff_datetime',
       'passenger_count', 'trip_distance', 'RatecodeID', 'store_and_fwd_flag',
       'PULocationID', 'DOLocationID', 'payment_type', 'fare_amount', 'extra',
       'mta_tax', 'tip_amount', 'tolls_amount', 'improvement_surcharge',
       'total_amount', 'congestion_surcharge'],
      dtype='object')
2021-09-07 10:56:32 - Index(['VendorID', 'tpep_pickup_datetime', 'tpep_dropoff_datetime',
       'passenger_count', 'trip_distance', 'RatecodeID', 'store_and_fwd_flag',
       'PULocationID', 'DOLocationID', 'payment_type', 'fare_amount', 'extra',
       'mta_tax', 'tip_amount', 'tolls_amount', 'improvement_surcharge',
       'total_amount', 'congestion_surcharge'],
      dtype='object')
2021-09-07 10:56:45 - Index(['VendorID', 'tpep_pickup_datetime', 'tpep_dropoff_datetime',
       'passenger_count', 'trip_distance', 'RatecodeID', 'store_and_fwd_flag',
       'PULocationID', 'DOLocationID', 'payment_type', 'fare_amount', 'extra',
       'mta_tax', 'tip_amount', 'tolls_amount', 'improvement_surcharge',
       'total_amount', 'congestion_surcharge'],
      dtype='object')
2021-09-07 10:56:58 - Index(['VendorID', 'tpep_pickup_datetime', 'tpep_dropoff_datetime',
       'passenger_count', 'trip_distance', 'RatecodeID', 'store_and_fwd_flag',
       'PULocationID', 'DOLocationID', 'payment_type', 'fare_amount', 'extra',
       'mta_tax', 'tip_amount', 'tolls_amount', 'improvement_surcharge',
       'total_amount', 'congestion_surcharge'],
      dtype='object')
2021-09-07 10:57:11 - Index(['VendorID', 'tpep_pickup_datetime', 'tpep_dropoff_datetime',
       'passenger_count', 'trip_distance', 'RatecodeID', 'store_and_fwd_flag',
       'PULocationID', 'DOLocationID', 'payment_type', 'fare_amount', 'extra',
       'mta_tax', 'tip_amount', 'tolls_amount', 'improvement_surcharge',
       'total_amount', 'congestion_surcharge'],
      dtype='object')
2021-09-07 10:57:25 - Index(['VendorID', 'tpep_pickup_datetime', 'tpep_dropoff_datetime',
       'passenger_count', 'trip_distance', 'RatecodeID', 'store_and_fwd_flag',
       'PULocationID', 'DOLocationID', 'payment_type', 'fare_amount', 'extra',
       'mta_tax', 'tip_amount', 'tolls_amount', 'improvement_surcharge',
       'total_amount', 'congestion_surcharge'],
      dtype='object')
2021-09-07 10:57:39 - Index(['VendorID', 'tpep_pickup_datetime', 'tpep_dropoff_datetime',
       'passenger_count', 'trip_distance', 'RatecodeID', 'store_and_fwd_flag',
       'PULocationID', 'DOLocationID', 'payment_type', 'fare_amount', 'extra',
       'mta_tax', 'tip_amount', 'tolls_amount', 'improvement_surcharge',
       'total_amount', 'congestion_surcharge'],
      dtype='object')
2021-09-07 10:57:52 - Index(['VendorID', 'tpep_pickup_datetime', 'tpep_dropoff_datetime',
       'passenger_count', 'trip_distance', 'RatecodeID', 'store_and_fwd_flag',
       'PULocationID', 'DOLocationID', 'payment_type', 'fare_amount', 'extra',
       'mta_tax', 'tip_amount', 'tolls_amount', 'improvement_surcharge',
       'total_amount', 'congestion_surcharge'],
      dtype='object')
2021-09-07 10:58:05 - Index(['VendorID', 'tpep_pickup_datetime', 'tpep_dropoff_datetime',
       'passenger_count', 'trip_distance', 'RatecodeID', 'store_and_fwd_flag',
       'PULocationID', 'DOLocationID', 'payment_type', 'fare_amount', 'extra',
       'mta_tax', 'tip_amount', 'tolls_amount', 'improvement_surcharge',
       'total_amount', 'congestion_surcharge'],
      dtype='object')
2021-09-07 10:58:18 - Index(['VendorID', 'tpep_pickup_datetime', 'tpep_dropoff_datetime',
       'passenger_count', 'trip_distance', 'RatecodeID', 'store_and_fwd_flag',
       'PULocationID', 'DOLocationID', 'payment_type', 'fare_amount', 'extra',
       'mta_tax', 'tip_amount', 'tolls_amount', 'improvement_surcharge',
       'total_amount', 'congestion_surcharge'],
      dtype='object')
2021-09-07 10:58:33 - Index(['VendorID', 'tpep_pickup_datetime', 'tpep_dropoff_datetime',
       'passenger_count', 'trip_distance', 'RatecodeID', 'store_and_fwd_flag',
       'PULocationID', 'DOLocationID', 'payment_type', 'fare_amount', 'extra',
       'mta_tax', 'tip_amount', 'tolls_amount', 'improvement_surcharge',
       'total_amount', 'congestion_surcharge'],
      dtype='object')
2021-09-07 10:58:47 - Index(['VendorID', 'tpep_pickup_datetime', 'tpep_dropoff_datetime',
       'passenger_count', 'trip_distance', 'RatecodeID', 'store_and_fwd_flag',
       'PULocationID', 'DOLocationID', 'payment_type', 'fare_amount', 'extra',
       'mta_tax', 'tip_amount', 'tolls_amount', 'improvement_surcharge',
       'total_amount', 'congestion_surcharge'],
      dtype='object')
2021-09-07 10:59:00 - Index(['VendorID', 'tpep_pickup_datetime', 'tpep_dropoff_datetime',
       'passenger_count', 'trip_distance', 'RatecodeID', 'store_and_fwd_flag',
       'PULocationID', 'DOLocationID', 'payment_type', 'fare_amount', 'extra',
       'mta_tax', 'tip_amount', 'tolls_amount', 'improvement_surcharge',
       'total_amount', 'congestion_surcharge'],
      dtype='object')
2021-09-07 10:59:13 - Index(['VendorID', 'tpep_pickup_datetime', 'tpep_dropoff_datetime',
       'passenger_count', 'trip_distance', 'RatecodeID', 'store_and_fwd_flag',
       'PULocationID', 'DOLocationID', 'payment_type', 'fare_amount', 'extra',
       'mta_tax', 'tip_amount', 'tolls_amount', 'improvement_surcharge',
       'total_amount', 'congestion_surcharge'],
      dtype='object')
2021-09-07 10:59:32 - Index(['VendorID', 'tpep_pickup_datetime', 'tpep_dropoff_datetime',
       'passenger_count', 'trip_distance', 'RatecodeID', 'store_and_fwd_flag',
       'PULocationID', 'DOLocationID', 'payment_type', 'fare_amount', 'extra',
       'mta_tax', 'tip_amount', 'tolls_amount', 'improvement_surcharge',
       'total_amount', 'congestion_surcharge'],
      dtype='object')
2021-09-07 10:59:54 - Index(['VendorID', 'tpep_pickup_datetime', 'tpep_dropoff_datetime',
       'passenger_count', 'trip_distance', 'RatecodeID', 'store_and_fwd_flag',
       'PULocationID', 'DOLocationID', 'payment_type', 'fare_amount', 'extra',
       'mta_tax', 'tip_amount', 'tolls_amount', 'improvement_surcharge',
       'total_amount', 'congestion_surcharge'],
      dtype='object')
2021-09-07 11:00:17 - Index(['VendorID', 'tpep_pickup_datetime', 'tpep_dropoff_datetime',
       'passenger_count', 'trip_distance', 'RatecodeID', 'store_and_fwd_flag',
       'PULocationID', 'DOLocationID', 'payment_type', 'fare_amount', 'extra',
       'mta_tax', 'tip_amount', 'tolls_amount', 'improvement_surcharge',
       'total_amount', 'congestion_surcharge'],
      dtype='object')
2021-09-07 11:00:46 - Index(['VendorID', 'tpep_pickup_datetime', 'tpep_dropoff_datetime',
       'passenger_count', 'trip_distance', 'RatecodeID', 'store_and_fwd_flag',
       'PULocationID', 'DOLocationID', 'payment_type', 'fare_amount', 'extra',
       'mta_tax', 'tip_amount', 'tolls_amount', 'improvement_surcharge',
       'total_amount', 'congestion_surcharge'],
      dtype='object')
2021-09-07 11:01:22 - Index(['VendorID', 'tpep_pickup_datetime', 'tpep_dropoff_datetime',
       'passenger_count', 'trip_distance', 'RatecodeID', 'store_and_fwd_flag',
       'PULocationID', 'DOLocationID', 'payment_type', 'fare_amount', 'extra',
       'mta_tax', 'tip_amount', 'tolls_amount', 'improvement_surcharge',
       'total_amount', 'congestion_surcharge'],
      dtype='object')
2021-09-07 11:01:54 - Index(['VendorID', 'tpep_pickup_datetime', 'tpep_dropoff_datetime',
       'passenger_count', 'trip_distance', 'RatecodeID', 'store_and_fwd_flag',
       'PULocationID', 'DOLocationID', 'payment_type', 'fare_amount', 'extra',
       'mta_tax', 'tip_amount', 'tolls_amount', 'improvement_surcharge',
       'total_amount', 'congestion_surcharge'],
      dtype='object')
2021-09-07 11:02:23 - Index(['VendorID', 'tpep_pickup_datetime', 'tpep_dropoff_datetime',
       'passenger_count', 'trip_distance', 'RatecodeID', 'store_and_fwd_flag',
       'PULocationID', 'DOLocationID', 'payment_type', 'fare_amount', 'extra',
       'mta_tax', 'tip_amount', 'tolls_amount', 'improvement_surcharge',
       'total_amount', 'congestion_surcharge'],
      dtype='object')
2021-09-07 11:02:55 - Index(['VendorID', 'tpep_pickup_datetime', 'tpep_dropoff_datetime',
       'passenger_count', 'trip_distance', 'RatecodeID', 'store_and_fwd_flag',
       'PULocationID', 'DOLocationID', 'payment_type', 'fare_amount', 'extra',
       'mta_tax', 'tip_amount', 'tolls_amount', 'improvement_surcharge',
       'total_amount', 'congestion_surcharge'],
      dtype='object')
2021-09-07 11:03:29 - Index(['VendorID', 'tpep_pickup_datetime', 'tpep_dropoff_datetime',
       'passenger_count', 'trip_distance', 'RatecodeID', 'store_and_fwd_flag',
       'PULocationID', 'DOLocationID', 'payment_type', 'fare_amount', 'extra',
       'mta_tax', 'tip_amount', 'tolls_amount', 'improvement_surcharge',
       'total_amount', 'congestion_surcharge'],
      dtype='object')
2021-09-07 11:03:52 - Index(['VendorID', 'tpep_pickup_datetime', 'tpep_dropoff_datetime',
       'passenger_count', 'trip_distance', 'RatecodeID', 'store_and_fwd_flag',
       'PULocationID', 'DOLocationID', 'payment_type', 'fare_amount', 'extra',
       'mta_tax', 'tip_amount', 'tolls_amount', 'improvement_surcharge',
       'total_amount', 'congestion_surcharge'],
      dtype='object')
2021-09-07 11:04:11 - Index(['VendorID', 'tpep_pickup_datetime', 'tpep_dropoff_datetime',
       'passenger_count', 'trip_distance', 'RatecodeID', 'store_and_fwd_flag',
       'PULocationID', 'DOLocationID', 'payment_type', 'fare_amount', 'extra',
       'mta_tax', 'tip_amount', 'tolls_amount', 'improvement_surcharge',
       'total_amount', 'congestion_surcharge'],
      dtype='object')
2021-09-07 11:04:32 - Index(['VendorID', 'tpep_pickup_datetime', 'tpep_dropoff_datetime',
       'passenger_count', 'trip_distance', 'RatecodeID', 'store_and_fwd_flag',
       'PULocationID', 'DOLocationID', 'payment_type', 'fare_amount', 'extra',
       'mta_tax', 'tip_amount', 'tolls_amount', 'improvement_surcharge',
       'total_amount', 'congestion_surcharge'],
      dtype='object')
2021-09-07 11:04:52 - Index(['VendorID', 'tpep_pickup_datetime', 'tpep_dropoff_datetime',
       'passenger_count', 'trip_distance', 'RatecodeID', 'store_and_fwd_flag',
       'PULocationID', 'DOLocationID', 'payment_type', 'fare_amount', 'extra',
       'mta_tax', 'tip_amount', 'tolls_amount', 'improvement_surcharge',
       'total_amount', 'congestion_surcharge'],
      dtype='object')
2021-09-07 11:05:14 - Index(['VendorID', 'tpep_pickup_datetime', 'tpep_dropoff_datetime',
       'passenger_count', 'trip_distance', 'RatecodeID', 'store_and_fwd_flag',
       'PULocationID', 'DOLocationID', 'payment_type', 'fare_amount', 'extra',
       'mta_tax', 'tip_amount', 'tolls_amount', 'improvement_surcharge',
       'total_amount', 'congestion_surcharge'],
      dtype='object')
2021-09-07 11:05:35 - Index(['VendorID', 'tpep_pickup_datetime', 'tpep_dropoff_datetime',
       'passenger_count', 'trip_distance', 'RatecodeID', 'store_and_fwd_flag',
       'PULocationID', 'DOLocationID', 'payment_type', 'fare_amount', 'extra',
       'mta_tax', 'tip_amount', 'tolls_amount', 'improvement_surcharge',
       'total_amount', 'congestion_surcharge'],
      dtype='object')
2021-09-07 11:05:59 - Index(['VendorID', 'tpep_pickup_datetime', 'tpep_dropoff_datetime',
       'passenger_count', 'trip_distance', 'RatecodeID', 'store_and_fwd_flag',
       'PULocationID', 'DOLocationID', 'payment_type', 'fare_amount', 'extra',
       'mta_tax', 'tip_amount', 'tolls_amount', 'improvement_surcharge',
       'total_amount', 'congestion_surcharge'],
      dtype='object')
2021-09-07 11:06:20 - Index(['VendorID', 'tpep_pickup_datetime', 'tpep_dropoff_datetime',
       'passenger_count', 'trip_distance', 'RatecodeID', 'store_and_fwd_flag',
       'PULocationID', 'DOLocationID', 'payment_type', 'fare_amount', 'extra',
       'mta_tax', 'tip_amount', 'tolls_amount', 'improvement_surcharge',
       'total_amount', 'congestion_surcharge'],
      dtype='object')
2021-09-07 11:06:42 - Index(['VendorID', 'tpep_pickup_datetime', 'tpep_dropoff_datetime',
       'passenger_count', 'trip_distance', 'RatecodeID', 'store_and_fwd_flag',
       'PULocationID', 'DOLocationID', 'payment_type', 'fare_amount', 'extra',
       'mta_tax', 'tip_amount', 'tolls_amount', 'improvement_surcharge',
       'total_amount', 'congestion_surcharge'],
      dtype='object')
2021-09-07 11:07:04 - Index(['VendorID', 'tpep_pickup_datetime', 'tpep_dropoff_datetime',
       'passenger_count', 'trip_distance', 'RatecodeID', 'store_and_fwd_flag',
       'PULocationID', 'DOLocationID', 'payment_type', 'fare_amount', 'extra',
       'mta_tax', 'tip_amount', 'tolls_amount', 'improvement_surcharge',
       'total_amount', 'congestion_surcharge'],
      dtype='object')
2021-09-07 11:07:24 - Index(['VendorID', 'tpep_pickup_datetime', 'tpep_dropoff_datetime',
       'passenger_count', 'trip_distance', 'RatecodeID', 'store_and_fwd_flag',
       'PULocationID', 'DOLocationID', 'payment_type', 'fare_amount', 'extra',
       'mta_tax', 'tip_amount', 'tolls_amount', 'improvement_surcharge',
       'total_amount', 'congestion_surcharge'],
      dtype='object')
2021-09-07 11:07:46 - Index(['VendorID', 'tpep_pickup_datetime', 'tpep_dropoff_datetime',
       'passenger_count', 'trip_distance', 'RatecodeID', 'store_and_fwd_flag',
       'PULocationID', 'DOLocationID', 'payment_type', 'fare_amount', 'extra',
       'mta_tax', 'tip_amount', 'tolls_amount', 'improvement_surcharge',
       'total_amount', 'congestion_surcharge'],
      dtype='object')
2021-09-07 11:08:05 - Index(['VendorID', 'tpep_pickup_datetime', 'tpep_dropoff_datetime',
       'passenger_count', 'trip_distance', 'RatecodeID', 'store_and_fwd_flag',
       'PULocationID', 'DOLocationID', 'payment_type', 'fare_amount', 'extra',
       'mta_tax', 'tip_amount', 'tolls_amount', 'improvement_surcharge',
       'total_amount', 'congestion_surcharge'],
      dtype='object')
2021-09-07 11:08:27 - Index(['VendorID', 'tpep_pickup_datetime', 'tpep_dropoff_datetime',
       'passenger_count', 'trip_distance', 'RatecodeID', 'store_and_fwd_flag',
       'PULocationID', 'DOLocationID', 'payment_type', 'fare_amount', 'extra',
       'mta_tax', 'tip_amount', 'tolls_amount', 'improvement_surcharge',
       'total_amount', 'congestion_surcharge'],
      dtype='object')
2021-09-07 11:08:51 - Index(['VendorID', 'tpep_pickup_datetime', 'tpep_dropoff_datetime',
       'passenger_count', 'trip_distance', 'RatecodeID', 'store_and_fwd_flag',
       'PULocationID', 'DOLocationID', 'payment_type', 'fare_amount', 'extra',
       'mta_tax', 'tip_amount', 'tolls_amount', 'improvement_surcharge',
       'total_amount', 'congestion_surcharge'],
      dtype='object')
2021-09-07 11:09:17 - Index(['VendorID', 'tpep_pickup_datetime', 'tpep_dropoff_datetime',
       'passenger_count', 'trip_distance', 'RatecodeID', 'store_and_fwd_flag',
       'PULocationID', 'DOLocationID', 'payment_type', 'fare_amount', 'extra',
       'mta_tax', 'tip_amount', 'tolls_amount', 'improvement_surcharge',
       'total_amount', 'congestion_surcharge'],
      dtype='object')
2021-09-07 11:09:47 - Index(['VendorID', 'tpep_pickup_datetime', 'tpep_dropoff_datetime',
       'passenger_count', 'trip_distance', 'RatecodeID', 'store_and_fwd_flag',
       'PULocationID', 'DOLocationID', 'payment_type', 'fare_amount', 'extra',
       'mta_tax', 'tip_amount', 'tolls_amount', 'improvement_surcharge',
       'total_amount', 'congestion_surcharge'],
      dtype='object')
2021-09-07 11:10:10 - Index(['VendorID', 'tpep_pickup_datetime', 'tpep_dropoff_datetime',
       'passenger_count', 'trip_distance', 'RatecodeID', 'store_and_fwd_flag',
       'PULocationID', 'DOLocationID', 'payment_type', 'fare_amount', 'extra',
       'mta_tax', 'tip_amount', 'tolls_amount', 'improvement_surcharge',
       'total_amount', 'congestion_surcharge'],
      dtype='object')
2021-09-07 11:10:34 - Index(['VendorID', 'tpep_pickup_datetime', 'tpep_dropoff_datetime',
       'passenger_count', 'trip_distance', 'RatecodeID', 'store_and_fwd_flag',
       'PULocationID', 'DOLocationID', 'payment_type', 'fare_amount', 'extra',
       'mta_tax', 'tip_amount', 'tolls_amount', 'improvement_surcharge',
       'total_amount', 'congestion_surcharge'],
      dtype='object')
2021-09-07 11:10:59 - Index(['VendorID', 'tpep_pickup_datetime', 'tpep_dropoff_datetime',
       'passenger_count', 'trip_distance', 'RatecodeID', 'store_and_fwd_flag',
       'PULocationID', 'DOLocationID', 'payment_type', 'fare_amount', 'extra',
       'mta_tax', 'tip_amount', 'tolls_amount', 'improvement_surcharge',
       'total_amount', 'congestion_surcharge'],
      dtype='object')
2021-09-07 11:11:24 - Index(['VendorID', 'tpep_pickup_datetime', 'tpep_dropoff_datetime',
       'passenger_count', 'trip_distance', 'RatecodeID', 'store_and_fwd_flag',
       'PULocationID', 'DOLocationID', 'payment_type', 'fare_amount', 'extra',
       'mta_tax', 'tip_amount', 'tolls_amount', 'improvement_surcharge',
       'total_amount', 'congestion_surcharge'],
      dtype='object')
2021-09-07 11:11:25 - ********* Data Load for nyc.2020-01.csv Completed *********
2021-09-07 11:11:25 - Filename - taxi+_zone_lookup.csv
2021-09-07 11:11:25 - ********* Data Load for taxi+_zone_lookup.csv Started *********
2021-09-07 11:11:25 - Index(['LocationID', 'Borough', 'Zone', 'service_zone'], dtype='object')
2021-09-07 11:11:26 - ********* Data Load for taxi+_zone_lookup.csv completed *********
